
> smartod@1.0.0 start
> craco start

[34mℹ[39m [90m｢wds｣[39m: Project is running at http://172.16.4.45/
[34mℹ[39m [90m｢wds｣[39m: webpack output is served from 
[34mℹ[39m [90m｢wds｣[39m: Content not from webpack is served from /home/sabareesh/Desktop/smartod/public
[34mℹ[39m [90m｢wds｣[39m: 404s will fallback to /
Starting the development server...

Compiled successfully!

You can now view smartod in the browser.

  Local:            http://localhost:3000
  On Your Network:  http://172.16.4.45:3000

Note that the development build is not optimized.
To create a production build, use npm run build.

Compiling...
Compiled successfully!
Compiling...
Compiled successfully!
Compiling...
Compiled successfully!
Compiling...
Compiled successfully!
Compiling...
Failed to compile.

src/ODStatus.js
Syntax error: Missing semicolon. (27:41)

  25 |
  26 |   useEffect(() => {
> 27 |     const saved = localStorage.getItem(`od_requests_${ user?.id } `);
     |                                         ^
  28 |     if (saved) setRequestHistory(JSON.parse(saved));
  29 |   }, [user]);
  30 |
Compiling...
Compiled successfully!
Compiling...
Compiled successfully!
Compiling...
Compiled successfully!
Compiling...
Compiled successfully!
Compiling...
Compiled successfully!
Compiling...
Compiled successfully!
Compiling...
Compiled successfully!
Compiling...
Compiled successfully!
Compiling...
Compiled successfully!
Compiling...
Compiled successfully!
Compiling...
Compiled successfully!
Compiling...
Compiled successfully!
Compiling...
Compiled successfully!
Compiling...
Compiled successfully!
Compiling...
Compiled successfully!
Compiling...
Compiled successfully!
Compiling...
Compiled successfully!
Compiling...
Compiled successfully!
Compiling...
Compiled successfully!
Compiling...
Compiled successfully!
Compiling...
Failed to compile.

src/ScanCheckin.js
Syntax error: Only one default export allowed per module. (144:1)

  142 | export default ScanCheckin;
  143 |
> 144 | export default ScanCheckin;
      | ^
  145 |
Compiling...
Compiled successfully!
Compiling...
Compiled successfully!
Compiling...
Compiled successfully!
Compiling...
Compiled successfully!
